\\mac\home\downloads\tanked\tanked\obj\debug\vc140.pdb
\\mac\home\downloads\tanked\tanked\obj\debug\vc140.idb
\\mac\home\downloads\tanked\tanked\obj\debug\demo.obj
\\mac\home\downloads\tanked\tanked\obj\debug\geometry.obj
\\mac\home\downloads\tanked\tanked\obj\debug\inputstate.obj
\\mac\home\downloads\tanked\tanked\obj\debug\wincanvas.obj
\\mac\home\downloads\tanked\tanked\obj\debug\wintexture.obj
\\mac\home\downloads\tanked\tanked\bin\debug\tanked.ilk
\\mac\home\downloads\tanked\tanked\bin\debug\tanked.exe
\\mac\home\downloads\tanked\tanked\bin\debug\tanked.pdb
\\mac\home\desktop\programming competency\tanked\tanked\obj\debug\demo.obj
\\mac\home\desktop\programming competency\tanked\tanked\obj\debug\geometry.obj
\\mac\home\desktop\programming competency\tanked\tanked\obj\debug\inputstate.obj
\\mac\home\desktop\programming competency\tanked\tanked\obj\debug\wincanvas.obj
\\mac\home\desktop\programming competency\tanked\tanked\obj\debug\wintexture.obj
\\mac\home\desktop\programming competency\tanked\tanked\obj\debug\vc140.idb
\\mac\home\desktop\programming competency\tanked\tanked\obj\debug\vc140.pdb
\\mac\home\desktop\programming competency\tanked\tanked\bin\debug\tanked.pdb
\\mac\home\desktop\programming competency\tanked\tanked\bin\debug\tanked.exe
\\mac\home\desktop\programming competency\tanked\tanked\bin\debug\tanked.ilk
\\mac\home\desktop\programming competency\tanked\tanked\obj\debug\tanked.tlog\cl.command.1.tlog
\\mac\home\desktop\programming competency\tanked\tanked\obj\debug\tanked.tlog\cl.read.1.tlog
\\mac\home\desktop\programming competency\tanked\tanked\obj\debug\tanked.tlog\cl.write.1.tlog
\\mac\home\desktop\programming competency\tanked\tanked\obj\debug\tanked.tlog\link.command.1.tlog
\\mac\home\desktop\programming competency\tanked\tanked\obj\debug\tanked.tlog\link.read.1.tlog
\\mac\home\desktop\programming competency\tanked\tanked\obj\debug\tanked.tlog\link.write.1.tlog
